<?xml version="1.0" encoding="UTF-8"?>
<!-- Generated by org.testng.reporters.JUnitXMLReporter -->
<testsuite ignored="14" hostname="LAPTOP-MVJK2OM8" failures="12" tests="43" name="Test" time="463.831" errors="0" timestamp="2025-05-07T09:47:29 IST">
  <testcase classname="com.qa.base.ProjectSpecificationMethods" name="@BeforeClass testDetails" time="0.0">
    <failure type="java.lang.IllegalArgumentException" message="Test name must not be null or empty">
      <![CDATA[java.lang.IllegalArgumentException: Test name must not be null or empty
at com.aventstack.extentreports.util.Assert.notEmpty(Assert.java:12)
at com.aventstack.extentreports.ExtentTest.<init>(ExtentTest.java:97)
at com.aventstack.extentreports.ExtentTest.<init>(ExtentTest.java:118)
at com.aventstack.extentreports.ExtentReports.createTest(ExtentReports.java:231)
at com.qa.base.ProjectSpecificationMethods.testDetails(ProjectSpecificationMethods.java:43)
at java.base/java.util.ArrayList.forEach(ArrayList.java:1596)
... Removed 27 stack frames]]>
    </failure>
  </testcase> <!-- @BeforeClass testDetails -->
  <testcase classname="com.qa.base.ProjectSpecificationMethods" name="@BeforeMethod launchingAndLoadingURL" time="0.0">
    <skipped/>
  </testcase> <!-- @BeforeMethod launchingAndLoadingURL -->
  <testcase classname="com.qa.tests.TC_008_LogoutTest" name="@BeforeMethod setUp" time="0.0">
    <skipped/>
  </testcase> <!-- @BeforeMethod setUp -->
  <testcase classname="com.qa.base.ProjectSpecificationMethods" name="@AfterMethod browserClose" time="0.0">
    <skipped/>
  </testcase> <!-- @AfterMethod browserClose -->
  <testcase classname="com.qa.tests.TC_001_LoginPageTest" name="verifyLoginButtonVisibility" time="0.047"/>
  <testcase classname="com.qa.tests.TC_001_LoginPageTest" name="verifyLoginFunctionality" time="2.983">
    <failure type="java.lang.AssertionError" message="Test case failed: Login attempt with valid data failed. Actual title: Adactin.com - Search Hotel expected [AdactIn.com - Search Hotel:Login successfull] but found [Adactin.com - Search Hotel]">
      <![CDATA[java.lang.AssertionError: Test case failed: Login attempt with valid data failed. Actual title: Adactin.com - Search Hotel expected [AdactIn.com - Search Hotel:Login successfull] but found [Adactin.com - Search Hotel]
at com.qa.tests.TC_001_LoginPageTest.verifyLoginFunctionality(TC_001_LoginPageTest.java:55)
at java.base/java.util.ArrayList.forEach(ArrayList.java:1596)
... Removed 34 stack frames]]>
    </failure>
  </testcase> <!-- verifyLoginFunctionality -->
  <testcase classname="com.qa.tests.TC_001_LoginPageTest" name="verifyLoginFunctionality" time="2.54">
    <failure type="java.lang.AssertionError" message="Test case failed: Expected error message not found for invalid credentials. expected [true] but found [false]">
      <![CDATA[java.lang.AssertionError: Test case failed: Expected error message not found for invalid credentials. expected [true] but found [false]
at com.qa.tests.TC_001_LoginPageTest.verifyLoginFunctionality(TC_001_LoginPageTest.java:59)
at java.base/java.util.ArrayList.forEach(ArrayList.java:1596)
... Removed 32 stack frames]]>
    </failure>
  </testcase> <!-- verifyLoginFunctionality -->
  <testcase classname="com.qa.tests.TC_001_LoginPageTest" name="verifyLoginFunctionality" time="2.295">
    <failure type="java.lang.AssertionError" message="Test case failed: Expected error message not found for empty password. expected [true] but found [false]">
      <![CDATA[java.lang.AssertionError: Test case failed: Expected error message not found for empty password. expected [true] but found [false]
at com.qa.tests.TC_001_LoginPageTest.verifyLoginFunctionality(TC_001_LoginPageTest.java:63)
at java.base/java.util.ArrayList.forEach(ArrayList.java:1596)
... Removed 32 stack frames]]>
    </failure>
  </testcase> <!-- verifyLoginFunctionality -->
  <testcase classname="com.qa.tests.TC_001_LoginPageTest" name="verifyLoginFunctionality" time="2.288">
    <failure type="java.lang.AssertionError" message="Test case failed: Expected error message not found for empty username. expected [true] but found [false]">
      <![CDATA[java.lang.AssertionError: Test case failed: Expected error message not found for empty username. expected [true] but found [false]
at com.qa.tests.TC_001_LoginPageTest.verifyLoginFunctionality(TC_001_LoginPageTest.java:67)
at java.base/java.util.ArrayList.forEach(ArrayList.java:1596)
... Removed 32 stack frames]]>
    </failure>
  </testcase> <!-- verifyLoginFunctionality -->
  <testcase classname="com.qa.tests.TC_002_SearchHotelHomePage" name="verifySearchHotelMenuDisplayedAfterLogin" time="50.015">
    <failure type="org.openqa.selenium.NoSuchElementException" message="no such element: Unable to locate element: {&amp;quot;method&amp;quot;:&amp;quot;css selector&amp;quot;,&amp;quot;selector&amp;quot;:&amp;quot;#username&amp;quot;}
  (Session info: chrome=135.0.7049.115)
For documentation on this error, please visit: https://www.selenium.dev/documentation/webdriver/troubleshooting/errors#no-such-element-exception
Build info: version: &amp;apos;4.31.0&amp;apos;, revision: &amp;apos;1ef9f18787*&amp;apos;
System info: os.name: &amp;apos;Windows 11&amp;apos;, os.arch: &amp;apos;amd64&amp;apos;, os.version: &amp;apos;10.0&amp;apos;, java.version: &amp;apos;21.0.6&amp;apos;
Driver info: org.openqa.selenium.chrome.ChromeDriver
Command: [61980f5e8756a660fa1891f08836b589, findElement {using=id, value=username}]
Capabilities {acceptInsecureCerts: false, browserName: chrome, browserVersion: 135.0.7049.115, chrome: {chromedriverVersion: 135.0.7049.114 (63fd8a7d9d0..., userDataDir: C:\Users\ADMIN\AppData\Loca...}, fedcm:accounts: true, goog:chromeOptions: {debuggerAddress: localhost:64433}, networkConnectionEnabled: false, pageLoadStrategy: normal, platformName: windows, proxy: Proxy(), se:cdp: ws://localhost:64433/devtoo..., se:cdpVersion: 135.0.7049.115, setWindowRect: true, strictFileInteractability: false, timeouts: {implicit: 0, pageLoad: 300000, script: 30000}, unhandledPromptBehavior: dismiss and notify, webauthn:extension:credBlob: true, webauthn:extension:largeBlob: true, webauthn:extension:minPinLength: true, webauthn:extension:prf: true, webauthn:virtualAuthenticators: true}
Session ID: 61980f5e8756a660fa1891f08836b589">
      <![CDATA[org.openqa.selenium.NoSuchElementException: no such element: Unable to locate element: {"method":"css selector","selector":"#username"}
  (Session info: chrome=135.0.7049.115)
For documentation on this error, please visit: https://www.selenium.dev/documentation/webdriver/troubleshooting/errors#no-such-element-exception
Build info: version: '4.31.0', revision: '1ef9f18787*'
System info: os.name: 'Windows 11', os.arch: 'amd64', os.version: '10.0', java.version: '21.0.6'
Driver info: org.openqa.selenium.chrome.ChromeDriver
Command: [61980f5e8756a660fa1891f08836b589, findElement {using=id, value=username}]
Capabilities {acceptInsecureCerts: false, browserName: chrome, browserVersion: 135.0.7049.115, chrome: {chromedriverVersion: 135.0.7049.114 (63fd8a7d9d0..., userDataDir: C:\Users\ADMIN\AppData\Loca...}, fedcm:accounts: true, goog:chromeOptions: {debuggerAddress: localhost:64433}, networkConnectionEnabled: false, pageLoadStrategy: normal, platformName: windows, proxy: Proxy(), se:cdp: ws://localhost:64433/devtoo..., se:cdpVersion: 135.0.7049.115, setWindowRect: true, strictFileInteractability: false, timeouts: {implicit: 0, pageLoad: 300000, script: 30000}, unhandledPromptBehavior: dismiss and notify, webauthn:extension:credBlob: true, webauthn:extension:largeBlob: true, webauthn:extension:minPinLength: true, webauthn:extension:prf: true, webauthn:virtualAuthenticators: true}
Session ID: 61980f5e8756a660fa1891f08836b589
at org.openqa.selenium.remote.ErrorCodec.decode(ErrorCodec.java:167)
at org.openqa.selenium.remote.codec.w3c.W3CHttpResponseCodec.decode(W3CHttpResponseCodec.java:138)
at org.openqa.selenium.remote.codec.w3c.W3CHttpResponseCodec.decode(W3CHttpResponseCodec.java:50)
at org.openqa.selenium.remote.HttpCommandExecutor.execute(HttpCommandExecutor.java:215)
at org.openqa.selenium.remote.service.DriverCommandExecutor.invokeExecute(DriverCommandExecutor.java:216)
at org.openqa.selenium.remote.service.DriverCommandExecutor.execute(DriverCommandExecutor.java:174)
at org.openqa.selenium.remote.RemoteWebDriver.execute(RemoteWebDriver.java:545)
at org.openqa.selenium.remote.ElementLocation$ElementFinder$2.findElement(ElementLocation.java:165)
at org.openqa.selenium.remote.ElementLocation.findElement(ElementLocation.java:59)
at org.openqa.selenium.remote.RemoteWebDriver.findElement(RemoteWebDriver.java:368)
at org.openqa.selenium.remote.RemoteWebDriver.findElement(RemoteWebDriver.java:362)
at org.openqa.selenium.support.pagefactory.DefaultElementLocator.findElement(DefaultElementLocator.java:68)
at org.openqa.selenium.support.pagefactory.internal.LocatingElementHandler.invoke(LocatingElementHandler.java:38)
at jdk.proxy2/jdk.proxy2.$Proxy18.clear(Unknown Source)
at com.qa.pages.LoginPage.enterUsername(LoginPage.java:44)
at com.qa.tests.TC_002_SearchHotelHomePage.verifySearchHotelMenuDisplayedAfterLogin(TC_002_SearchHotelHomePage.java:38)
at java.base/java.util.ArrayList.forEach(ArrayList.java:1596)
... Removed 32 stack frames]]>
    </failure>
  </testcase> <!-- verifySearchHotelMenuDisplayedAfterLogin -->
  <testcase classname="com.qa.tests.TC_003_SearchHotelTest" name="verifySearchHotelFormRedirectionAndValidation" time="9.445"/>
  <testcase classname="com.qa.tests.TC_003_SearchHotelTest" name="verifySearchHotelFormRedirectionAndValidation" time="2.732"/>
  <testcase classname="com.qa.tests.TC_003_SearchHotelTest" name="verifySearchHotelFormRedirectionAndValidation" time="51.004">
    <failure type="org.openqa.selenium.TimeoutException" message="Expected condition failed: waiting for visibility of element located by By.id: error-message (tried for 40 second(s) with 500 milliseconds interval)
Build info: version: &amp;apos;4.31.0&amp;apos;, revision: &amp;apos;1ef9f18787*&amp;apos;
System info: os.name: &amp;apos;Windows 11&amp;apos;, os.arch: &amp;apos;amd64&amp;apos;, os.version: &amp;apos;10.0&amp;apos;, java.version: &amp;apos;21.0.6&amp;apos;
Driver info: org.openqa.selenium.chrome.ChromeDriver
Capabilities {acceptInsecureCerts: false, browserName: chrome, browserVersion: 135.0.7049.115, chrome: {chromedriverVersion: 135.0.7049.114 (63fd8a7d9d0..., userDataDir: C:\Users\ADMIN\AppData\Loca...}, fedcm:accounts: true, goog:chromeOptions: {debuggerAddress: localhost:64578}, networkConnectionEnabled: false, pageLoadStrategy: normal, platformName: windows, proxy: Proxy(), se:cdp: ws://localhost:64578/devtoo..., se:cdpVersion: 135.0.7049.115, setWindowRect: true, strictFileInteractability: false, timeouts: {implicit: 0, pageLoad: 300000, script: 30000}, unhandledPromptBehavior: dismiss and notify, webauthn:extension:credBlob: true, webauthn:extension:largeBlob: true, webauthn:extension:minPinLength: true, webauthn:extension:prf: true, webauthn:virtualAuthenticators: true}
Session ID: 78ab4f107afba58ca3cb631c114efbe1">
      <![CDATA[org.openqa.selenium.TimeoutException: Expected condition failed: waiting for visibility of element located by By.id: error-message (tried for 40 second(s) with 500 milliseconds interval)
Build info: version: '4.31.0', revision: '1ef9f18787*'
System info: os.name: 'Windows 11', os.arch: 'amd64', os.version: '10.0', java.version: '21.0.6'
Driver info: org.openqa.selenium.chrome.ChromeDriver
Capabilities {acceptInsecureCerts: false, browserName: chrome, browserVersion: 135.0.7049.115, chrome: {chromedriverVersion: 135.0.7049.114 (63fd8a7d9d0..., userDataDir: C:\Users\ADMIN\AppData\Loca...}, fedcm:accounts: true, goog:chromeOptions: {debuggerAddress: localhost:64578}, networkConnectionEnabled: false, pageLoadStrategy: normal, platformName: windows, proxy: Proxy(), se:cdp: ws://localhost:64578/devtoo..., se:cdpVersion: 135.0.7049.115, setWindowRect: true, strictFileInteractability: false, timeouts: {implicit: 0, pageLoad: 300000, script: 30000}, unhandledPromptBehavior: dismiss and notify, webauthn:extension:credBlob: true, webauthn:extension:largeBlob: true, webauthn:extension:minPinLength: true, webauthn:extension:prf: true, webauthn:virtualAuthenticators: true}
Session ID: 78ab4f107afba58ca3cb631c114efbe1
at org.openqa.selenium.support.ui.WebDriverWait.timeoutException(WebDriverWait.java:84)
at org.openqa.selenium.support.ui.FluentWait.until(FluentWait.java:228)
at com.qa.tests.TC_003_SearchHotelTest.verifySearchHotelFormRedirectionAndValidation(TC_003_SearchHotelTest.java:887)
at java.base/java.util.ArrayList.forEach(ArrayList.java:1596)
... Removed 29 stack frames]]>
    </failure>
  </testcase> <!-- verifySearchHotelFormRedirectionAndValidation -->
  <testcase classname="com.qa.tests.TC_003_SearchHotelTest" name="verifySearchHotelFormRedirectionAndValidation" time="3.163"/>
  <testcase classname="com.qa.tests.TC_003_SearchHotelTest" name="verifySearchHotelFormValidDataRedirection1" time="10.605">
    <failure type="org.openqa.selenium.TimeoutException" message="Expected condition failed: waiting for url to contain &amp;quot;SelectHotel&amp;quot;. Current url: &amp;quot;https://adactinhotelapp.com/SearchHotel.php&amp;quot; (tried for 10 second(s) with 500 milliseconds interval)
Build info: version: &amp;apos;4.31.0&amp;apos;, revision: &amp;apos;1ef9f18787*&amp;apos;
System info: os.name: &amp;apos;Windows 11&amp;apos;, os.arch: &amp;apos;amd64&amp;apos;, os.version: &amp;apos;10.0&amp;apos;, java.version: &amp;apos;21.0.6&amp;apos;
Driver info: org.openqa.selenium.chrome.ChromeDriver
Capabilities {acceptInsecureCerts: false, browserName: chrome, browserVersion: 135.0.7049.115, chrome: {chromedriverVersion: 135.0.7049.114 (63fd8a7d9d0..., userDataDir: C:\Users\ADMIN\AppData\Loca...}, fedcm:accounts: true, goog:chromeOptions: {debuggerAddress: localhost:64677}, networkConnectionEnabled: false, pageLoadStrategy: normal, platformName: windows, proxy: Proxy(), se:cdp: ws://localhost:64677/devtoo..., se:cdpVersion: 135.0.7049.115, setWindowRect: true, strictFileInteractability: false, timeouts: {implicit: 0, pageLoad: 300000, script: 30000}, unhandledPromptBehavior: dismiss and notify, webauthn:extension:credBlob: true, webauthn:extension:largeBlob: true, webauthn:extension:minPinLength: true, webauthn:extension:prf: true, webauthn:virtualAuthenticators: true}
Session ID: e96d59c009a87216398456e737e5f9bc">
      <![CDATA[org.openqa.selenium.TimeoutException: Expected condition failed: waiting for url to contain "SelectHotel". Current url: "https://adactinhotelapp.com/SearchHotel.php" (tried for 10 second(s) with 500 milliseconds interval)
Build info: version: '4.31.0', revision: '1ef9f18787*'
System info: os.name: 'Windows 11', os.arch: 'amd64', os.version: '10.0', java.version: '21.0.6'
Driver info: org.openqa.selenium.chrome.ChromeDriver
Capabilities {acceptInsecureCerts: false, browserName: chrome, browserVersion: 135.0.7049.115, chrome: {chromedriverVersion: 135.0.7049.114 (63fd8a7d9d0..., userDataDir: C:\Users\ADMIN\AppData\Loca...}, fedcm:accounts: true, goog:chromeOptions: {debuggerAddress: localhost:64677}, networkConnectionEnabled: false, pageLoadStrategy: normal, platformName: windows, proxy: Proxy(), se:cdp: ws://localhost:64677/devtoo..., se:cdpVersion: 135.0.7049.115, setWindowRect: true, strictFileInteractability: false, timeouts: {implicit: 0, pageLoad: 300000, script: 30000}, unhandledPromptBehavior: dismiss and notify, webauthn:extension:credBlob: true, webauthn:extension:largeBlob: true, webauthn:extension:minPinLength: true, webauthn:extension:prf: true, webauthn:virtualAuthenticators: true}
Session ID: e96d59c009a87216398456e737e5f9bc
at org.openqa.selenium.support.ui.WebDriverWait.timeoutException(WebDriverWait.java:84)
at org.openqa.selenium.support.ui.FluentWait.until(FluentWait.java:228)
at com.qa.tests.TC_003_SearchHotelTest.verifySearchHotelFormValidDataRedirection1(TC_003_SearchHotelTest.java:781)
at java.base/java.util.ArrayList.forEach(ArrayList.java:1596)
... Removed 29 stack frames]]>
    </failure>
  </testcase> <!-- verifySearchHotelFormValidDataRedirection1 -->
  <testcase classname="com.qa.tests.TC_003_SearchHotelTest" name="verifySearchHotelFormValidDataRedirection1" time="0.001"/>
  <testcase classname="com.qa.tests.TC_003_SearchHotelTest" name="verifySearchHotelFormValidDataRedirection1" time="0.001"/>
  <testcase classname="com.qa.tests.TC_003_SearchHotelTest" name="verifySearchHotelFormValidDataRedirection1" time="0.001"/>
  <testcase classname="com.qa.tests.TC_003_SearchHotelTest" name="verifySearchHotelMenuNaviagtion" time="3.484"/>
  <testcase classname="com.qa.tests.TC_003_SearchHotelTest" name="verifySearchHotelFormElementsPresence" time="0.338"/>
  <testcase classname="com.qa.tests.TC_003_SearchHotelTest" name="verifyFieldDefaultValues" time="0.626"/>
  <testcase classname="com.qa.tests.TC_003_SearchHotelTest" name="verifyMandatoryFieldAsterisks" time="0.632">
    <failure type="java.lang.AssertionError" message="❌ &amp;apos;Adults per Room&amp;apos; field is not marked as mandatory. expected [true] but found [false]">
      <![CDATA[java.lang.AssertionError: ❌ 'Adults per Room' field is not marked as mandatory. expected [true] but found [false]
at com.qa.tests.TC_003_SearchHotelTest.verifyMandatoryFieldAsterisks(TC_003_SearchHotelTest.java:218)
at java.base/java.util.ArrayList.forEach(ArrayList.java:1596)
... Removed 32 stack frames]]>
    </failure>
  </testcase> <!-- verifyMandatoryFieldAsterisks -->
  <testcase classname="com.qa.tests.TC_003_SearchHotelTest" name="testLocationDropdown" time="0.468"/>
  <testcase classname="com.qa.tests.TC_003_SearchHotelTest" name="verifyLocationDropdownPlaceholderValue" time="0.268"/>
  <testcase classname="com.qa.tests.TC_003_SearchHotelTest" name="verifyTotalNumberOfHotelsInDropdown" time="0.507"/>
  <testcase classname="com.qa.tests.TC_003_SearchHotelTest" name="verifyHotelDropdownOptions" time="0.29"/>
  <testcase classname="com.qa.tests.TC_003_SearchHotelTest" name="verifyHotelDropdownOptionsDisplayAndSelectability" time="0.581"/>
  <testcase classname="com.qa.tests.TC_003_SearchHotelTest" name="verifySelectedHotelValue" time="0.353"/>
  <testcase classname="com.qa.tests.TC_003_SearchHotelTest" name="verifyRoomTypeDropdownIsPresent" time="2.315"/>
  <testcase classname="com.qa.tests.TC_003_SearchHotelTest" name="verifySelectedRoomTypeDropdown" time="0.526"/>
  <testcase classname="com.qa.tests.TC_003_SearchHotelTest" name="selectRoomTypeAndVerify" time="0.36">
    <failure type="java.lang.AssertionError" message="❌ Failed to select &amp;apos;Deluxe&amp;apos; room type. expected [Deluxe] but found [Super Deluxe]">
      <![CDATA[java.lang.AssertionError: ❌ Failed to select 'Deluxe' room type. expected [Deluxe] but found [Super Deluxe]
at com.qa.tests.TC_003_SearchHotelTest.selectRoomTypeAndVerify(TC_003_SearchHotelTest.java:449)
at java.base/java.util.ArrayList.forEach(ArrayList.java:1596)
... Removed 34 stack frames]]>
    </failure>
  </testcase> <!-- selectRoomTypeAndVerify -->
  <testcase classname="com.qa.tests.TC_003_SearchHotelTest" name="verifyAllRoomTypesListed" time="0.275"/>
  <testcase classname="com.qa.tests.TC_003_SearchHotelTest" name="verifyCheckInDateDisplayedClickedAndHeld" time="4.403"/>
  <testcase classname="com.qa.tests.TC_003_SearchHotelTest" name="selectValidCheckInDate" time="1.46"/>
  <testcase classname="com.qa.tests.TC_003_SearchHotelTest" name="VerifyTOselectPastCheckInDate" time="5.31">
    <failure type="java.lang.AssertionError" message="Test failed: User was redirected even with an invalid check-in date.">
      <![CDATA[java.lang.AssertionError: Test failed: User was redirected even with an invalid check-in date.
at com.qa.tests.TC_003_SearchHotelTest.VerifyTOselectPastCheckInDate(TC_003_SearchHotelTest.java:580)
at java.base/java.util.ArrayList.forEach(ArrayList.java:1596)
... Removed 30 stack frames]]>
    </failure>
  </testcase> <!-- VerifyTOselectPastCheckInDate -->
  <testcase classname="com.qa.tests.TC_003_SearchHotelTest" name="VerifyToSelectValidCheckInDate" time="5.008"/>
  <testcase classname="com.qa.tests.TC_003_SearchHotelTest" name="verifyCheckOutDateDisplayedClickedAndHeld" time="1.7"/>
  <testcase classname="com.qa.tests.TC_003_SearchHotelTest" name="verifyErrorForPastCheckOutDate" time="5.206"/>
  <testcase classname="com.qa.tests.TC_003_SearchHotelTest" name="VerifyResetButtonFunctionality" time="3.503"/>
  <testcase classname="com.qa.tests.TC_004_SelectHotelPageTest" name="VerifyHotelSelectionWithPrefilledData" time="3.725"/>
  <testcase classname="com.qa.tests.TC_004_SelectHotelPageTest" name="VerifyRedirectionToSelectHotelPage" time="0.931"/>
  <testcase classname="com.qa.tests.TC_004_SelectHotelPageTest" name="verifyHotelSelectionFunctionality" time="4.597"/>
  <testcase classname="com.qa.tests.TC_004_SelectHotelPageTest" name="VerifyBookingFailsWithoutSelectingHotelRadioButton" time="50.474">
    <failure type="org.openqa.selenium.NoSuchElementException" message="no such element: Unable to locate element: {&amp;quot;method&amp;quot;:&amp;quot;css selector&amp;quot;,&amp;quot;selector&amp;quot;:&amp;quot;#continue&amp;quot;}
  (Session info: chrome=135.0.7049.115)
For documentation on this error, please visit: https://www.selenium.dev/documentation/webdriver/troubleshooting/errors#no-such-element-exception
Build info: version: &amp;apos;4.31.0&amp;apos;, revision: &amp;apos;1ef9f18787*&amp;apos;
System info: os.name: &amp;apos;Windows 11&amp;apos;, os.arch: &amp;apos;amd64&amp;apos;, os.version: &amp;apos;10.0&amp;apos;, java.version: &amp;apos;21.0.6&amp;apos;
Driver info: org.openqa.selenium.chrome.ChromeDriver
Command: [4ab625d6ed606a32d918d740080ec696, findElement {using=id, value=continue}]
Capabilities {acceptInsecureCerts: false, browserName: chrome, browserVersion: 135.0.7049.115, chrome: {chromedriverVersion: 135.0.7049.114 (63fd8a7d9d0..., userDataDir: C:\Users\ADMIN\AppData\Loca...}, fedcm:accounts: true, goog:chromeOptions: {debuggerAddress: localhost:65529}, networkConnectionEnabled: false, pageLoadStrategy: normal, platformName: windows, proxy: Proxy(), se:cdp: ws://localhost:65529/devtoo..., se:cdpVersion: 135.0.7049.115, setWindowRect: true, strictFileInteractability: false, timeouts: {implicit: 0, pageLoad: 300000, script: 30000}, unhandledPromptBehavior: dismiss and notify, webauthn:extension:credBlob: true, webauthn:extension:largeBlob: true, webauthn:extension:minPinLength: true, webauthn:extension:prf: true, webauthn:virtualAuthenticators: true}
Session ID: 4ab625d6ed606a32d918d740080ec696">
      <![CDATA[org.openqa.selenium.NoSuchElementException: no such element: Unable to locate element: {"method":"css selector","selector":"#continue"}
  (Session info: chrome=135.0.7049.115)
For documentation on this error, please visit: https://www.selenium.dev/documentation/webdriver/troubleshooting/errors#no-such-element-exception
Build info: version: '4.31.0', revision: '1ef9f18787*'
System info: os.name: 'Windows 11', os.arch: 'amd64', os.version: '10.0', java.version: '21.0.6'
Driver info: org.openqa.selenium.chrome.ChromeDriver
Command: [4ab625d6ed606a32d918d740080ec696, findElement {using=id, value=continue}]
Capabilities {acceptInsecureCerts: false, browserName: chrome, browserVersion: 135.0.7049.115, chrome: {chromedriverVersion: 135.0.7049.114 (63fd8a7d9d0..., userDataDir: C:\Users\ADMIN\AppData\Loca...}, fedcm:accounts: true, goog:chromeOptions: {debuggerAddress: localhost:65529}, networkConnectionEnabled: false, pageLoadStrategy: normal, platformName: windows, proxy: Proxy(), se:cdp: ws://localhost:65529/devtoo..., se:cdpVersion: 135.0.7049.115, setWindowRect: true, strictFileInteractability: false, timeouts: {implicit: 0, pageLoad: 300000, script: 30000}, unhandledPromptBehavior: dismiss and notify, webauthn:extension:credBlob: true, webauthn:extension:largeBlob: true, webauthn:extension:minPinLength: true, webauthn:extension:prf: true, webauthn:virtualAuthenticators: true}
Session ID: 4ab625d6ed606a32d918d740080ec696
at org.openqa.selenium.remote.ErrorCodec.decode(ErrorCodec.java:167)
at org.openqa.selenium.remote.codec.w3c.W3CHttpResponseCodec.decode(W3CHttpResponseCodec.java:138)
at org.openqa.selenium.remote.codec.w3c.W3CHttpResponseCodec.decode(W3CHttpResponseCodec.java:50)
at org.openqa.selenium.remote.HttpCommandExecutor.execute(HttpCommandExecutor.java:215)
at org.openqa.selenium.remote.service.DriverCommandExecutor.invokeExecute(DriverCommandExecutor.java:216)
at org.openqa.selenium.remote.service.DriverCommandExecutor.execute(DriverCommandExecutor.java:174)
at org.openqa.selenium.remote.RemoteWebDriver.execute(RemoteWebDriver.java:545)
at org.openqa.selenium.remote.ElementLocation$ElementFinder$2.findElement(ElementLocation.java:165)
at org.openqa.selenium.remote.ElementLocation.findElement(ElementLocation.java:59)
at org.openqa.selenium.remote.RemoteWebDriver.findElement(RemoteWebDriver.java:368)
at org.openqa.selenium.remote.RemoteWebDriver.findElement(RemoteWebDriver.java:362)
at org.openqa.selenium.support.pagefactory.DefaultElementLocator.findElement(DefaultElementLocator.java:68)
at org.openqa.selenium.support.pagefactory.internal.LocatingElementHandler.invoke(LocatingElementHandler.java:38)
at jdk.proxy2/jdk.proxy2.$Proxy18.click(Unknown Source)
at com.qa.pages.SelectHotelPage.clickContinue(SelectHotelPage.java:86)
at com.qa.tests.TC_004_SelectHotelPageTest.VerifyBookingFailsWithoutSelectingHotelRadioButton(TC_004_SelectHotelPageTest.java:147)
at java.base/java.util.ArrayList.forEach(ArrayList.java:1596)
... Removed 32 stack frames]]>
    </failure>
  </testcase> <!-- VerifyBookingFailsWithoutSelectingHotelRadioButton -->
  <testcase classname="com.qa.tests.TC_005_BookHotelPageTest" name="verifySuccessfulBookingWithValidData" time="11.06"/>
  <testcase classname="com.qa.tests.TC_006_BookingConfirmationTest" name="verifyOrderIdgeneratedOrNot" time="0.141"/>
  <testcase classname="com.qa.tests.TC_006_BookingConfirmationTest" name="verifyMyItineraryNavigation" time="50.038">
    <failure type="org.openqa.selenium.NoSuchElementException" message="no such element: Unable to locate element: {&amp;quot;method&amp;quot;:&amp;quot;css selector&amp;quot;,&amp;quot;selector&amp;quot;:&amp;quot;#my_itinerary&amp;quot;}
  (Session info: chrome=135.0.7049.115)
For documentation on this error, please visit: https://www.selenium.dev/documentation/webdriver/troubleshooting/errors#no-such-element-exception
Build info: version: &amp;apos;4.31.0&amp;apos;, revision: &amp;apos;1ef9f18787*&amp;apos;
System info: os.name: &amp;apos;Windows 11&amp;apos;, os.arch: &amp;apos;amd64&amp;apos;, os.version: &amp;apos;10.0&amp;apos;, java.version: &amp;apos;21.0.6&amp;apos;
Driver info: org.openqa.selenium.chrome.ChromeDriver
Command: [fe52cf55bb0d14c6f8f75d4ebc1b5367, findElement {using=id, value=my_itinerary}]
Capabilities {acceptInsecureCerts: false, browserName: chrome, browserVersion: 135.0.7049.115, chrome: {chromedriverVersion: 135.0.7049.114 (63fd8a7d9d0..., userDataDir: C:\Users\ADMIN\AppData\Loca...}, fedcm:accounts: true, goog:chromeOptions: {debuggerAddress: localhost:49288}, networkConnectionEnabled: false, pageLoadStrategy: normal, platformName: windows, proxy: Proxy(), se:cdp: ws://localhost:49288/devtoo..., se:cdpVersion: 135.0.7049.115, setWindowRect: true, strictFileInteractability: false, timeouts: {implicit: 0, pageLoad: 300000, script: 30000}, unhandledPromptBehavior: dismiss and notify, webauthn:extension:credBlob: true, webauthn:extension:largeBlob: true, webauthn:extension:minPinLength: true, webauthn:extension:prf: true, webauthn:virtualAuthenticators: true}
Session ID: fe52cf55bb0d14c6f8f75d4ebc1b5367">
      <![CDATA[org.openqa.selenium.NoSuchElementException: no such element: Unable to locate element: {"method":"css selector","selector":"#my_itinerary"}
  (Session info: chrome=135.0.7049.115)
For documentation on this error, please visit: https://www.selenium.dev/documentation/webdriver/troubleshooting/errors#no-such-element-exception
Build info: version: '4.31.0', revision: '1ef9f18787*'
System info: os.name: 'Windows 11', os.arch: 'amd64', os.version: '10.0', java.version: '21.0.6'
Driver info: org.openqa.selenium.chrome.ChromeDriver
Command: [fe52cf55bb0d14c6f8f75d4ebc1b5367, findElement {using=id, value=my_itinerary}]
Capabilities {acceptInsecureCerts: false, browserName: chrome, browserVersion: 135.0.7049.115, chrome: {chromedriverVersion: 135.0.7049.114 (63fd8a7d9d0..., userDataDir: C:\Users\ADMIN\AppData\Loca...}, fedcm:accounts: true, goog:chromeOptions: {debuggerAddress: localhost:49288}, networkConnectionEnabled: false, pageLoadStrategy: normal, platformName: windows, proxy: Proxy(), se:cdp: ws://localhost:49288/devtoo..., se:cdpVersion: 135.0.7049.115, setWindowRect: true, strictFileInteractability: false, timeouts: {implicit: 0, pageLoad: 300000, script: 30000}, unhandledPromptBehavior: dismiss and notify, webauthn:extension:credBlob: true, webauthn:extension:largeBlob: true, webauthn:extension:minPinLength: true, webauthn:extension:prf: true, webauthn:virtualAuthenticators: true}
Session ID: fe52cf55bb0d14c6f8f75d4ebc1b5367
at org.openqa.selenium.remote.ErrorCodec.decode(ErrorCodec.java:167)
at org.openqa.selenium.remote.codec.w3c.W3CHttpResponseCodec.decode(W3CHttpResponseCodec.java:138)
at org.openqa.selenium.remote.codec.w3c.W3CHttpResponseCodec.decode(W3CHttpResponseCodec.java:50)
at org.openqa.selenium.remote.HttpCommandExecutor.execute(HttpCommandExecutor.java:215)
at org.openqa.selenium.remote.service.DriverCommandExecutor.invokeExecute(DriverCommandExecutor.java:216)
at org.openqa.selenium.remote.service.DriverCommandExecutor.execute(DriverCommandExecutor.java:174)
at org.openqa.selenium.remote.RemoteWebDriver.execute(RemoteWebDriver.java:545)
at org.openqa.selenium.remote.ElementLocation$ElementFinder$2.findElement(ElementLocation.java:165)
at org.openqa.selenium.remote.ElementLocation.findElement(ElementLocation.java:59)
at org.openqa.selenium.remote.RemoteWebDriver.findElement(RemoteWebDriver.java:368)
at org.openqa.selenium.remote.RemoteWebDriver.findElement(RemoteWebDriver.java:362)
at org.openqa.selenium.support.pagefactory.DefaultElementLocator.findElement(DefaultElementLocator.java:68)
at org.openqa.selenium.support.pagefactory.internal.LocatingElementHandler.invoke(LocatingElementHandler.java:38)
at jdk.proxy2/jdk.proxy2.$Proxy18.click(Unknown Source)
at com.qa.pages.BookingConfirmationPage.clickMyItenaryButton(BookingConfirmationPage.java:35)
at com.qa.tests.TC_006_BookingConfirmationTest.verifyMyItineraryNavigation(TC_006_BookingConfirmationTest.java:58)
at java.base/java.util.ArrayList.forEach(ArrayList.java:1596)
... Removed 32 stack frames]]>
    </failure>
  </testcase> <!-- verifyMyItineraryNavigation -->
  <testcase classname="com.qa.tests.TC_008_LogoutTest" name="verifyLogoutFunctionality" time="0.0">
    <skipped/>
  </testcase> <!-- verifyLogoutFunctionality -->
  <testcase classname="com.qa.base.ProjectSpecificationMethods" name="@BeforeSuite reportInitialization" time="0.0">
    <ignored/>
  </testcase> <!-- @BeforeSuite reportInitialization -->
  <testcase classname="com.qa.base.ProjectSpecificationMethods" name="@AfterSuite reportClose" time="0.0">
    <ignored/>
  </testcase> <!-- @AfterSuite reportClose -->
  <testcase classname="com.qa.base.ProjectSpecificationMethods" name="@BeforeSuite reportInitialization" time="0.0">
    <ignored/>
  </testcase> <!-- @BeforeSuite reportInitialization -->
  <testcase classname="com.qa.base.ProjectSpecificationMethods" name="@BeforeSuite reportInitialization" time="0.0">
    <ignored/>
  </testcase> <!-- @BeforeSuite reportInitialization -->
  <testcase classname="com.qa.base.ProjectSpecificationMethods" name="@AfterSuite reportClose" time="0.0">
    <ignored/>
  </testcase> <!-- @AfterSuite reportClose -->
  <testcase classname="com.qa.base.ProjectSpecificationMethods" name="@BeforeSuite reportInitialization" time="0.0">
    <ignored/>
  </testcase> <!-- @BeforeSuite reportInitialization -->
  <testcase classname="com.qa.base.ProjectSpecificationMethods" name="@AfterSuite reportClose" time="0.0">
    <ignored/>
  </testcase> <!-- @AfterSuite reportClose -->
  <testcase classname="com.qa.base.ProjectSpecificationMethods" name="@BeforeSuite reportInitialization" time="0.0">
    <ignored/>
  </testcase> <!-- @BeforeSuite reportInitialization -->
  <testcase classname="com.qa.base.ProjectSpecificationMethods" name="@AfterSuite reportClose" time="0.0">
    <ignored/>
  </testcase> <!-- @AfterSuite reportClose -->
  <testcase classname="com.qa.base.ProjectSpecificationMethods" name="@AfterSuite reportClose" time="0.0">
    <ignored/>
  </testcase> <!-- @AfterSuite reportClose -->
  <testcase classname="com.qa.base.ProjectSpecificationMethods" name="@BeforeSuite reportInitialization" time="0.0">
    <ignored/>
  </testcase> <!-- @BeforeSuite reportInitialization -->
  <testcase classname="com.qa.base.ProjectSpecificationMethods" name="@AfterSuite reportClose" time="0.0">
    <ignored/>
  </testcase> <!-- @AfterSuite reportClose -->
  <testcase classname="com.qa.base.ProjectSpecificationMethods" name="@AfterSuite reportClose" time="0.0">
    <ignored/>
  </testcase> <!-- @AfterSuite reportClose -->
  <testcase classname="com.qa.base.ProjectSpecificationMethods" name="@BeforeSuite reportInitialization" time="0.0">
    <ignored/>
  </testcase> <!-- @BeforeSuite reportInitialization -->
</testsuite> <!-- Test -->
