<!DOCTYPE html PUBLIC "-//W3C//DTD XHTML 1.1//EN" "https://www.w3.org/TR/xhtml11/DTD/xhtml11.dtd">
<html xmlns="https://www.w3.org/1999/xhtml">
<head>
<meta http-equiv="content-type" content="text/html; charset=UTF-8"/>
<title>TestNG Report</title>
<style type="text/css">table {margin-bottom:10px;border-collapse:collapse;empty-cells:show}th,td {border:1px solid #009;padding:.25em .5em}th {vertical-align:bottom}td {vertical-align:top}table a {font-weight:bold}.stripe td {background-color: #E6EBF9}.num {text-align:right}.passedodd td {background-color: #3F3}.passedeven td {background-color: #0A0}.skippedodd td {background-color: #DDD}.skippedeven td {background-color: #CCC}.failedodd td,.attn {background-color: #F33}.failedeven td,.stripe .attn {background-color: #D00}.stacktrace {white-space:pre;font-family:monospace}.totop {font-size:85%;text-align:center;border-bottom:2px solid #000}.invisible {display:none}</style>
</head>
<body>
<table>
<tr><th>Test</th><th># Passed</th><th># Skipped</th><th># Retried</th><th># Failed</th><th>Time (ms)</th><th>Included Groups</th><th>Excluded Groups</th></tr>
<tr><th colspan="8">Suite</th></tr>
<tr><td><a href="#t0">Test</a></td><td class="num">30</td><td class="num attn">1</td><td class="num">0</td><td class="num attn">12</td><td class="num">463,831</td><td></td><td></td></tr>
</table>
<table id='summary'><thead><tr><th>Class</th><th>Method</th><th>Start</th><th>Time (ms)</th></tr></thead><tbody><tr><th colspan="4">Suite</th></tr></tbody><tbody id="t0"><tr><th colspan="4">Test &#8212; failed (configuration methods)</th></tr><tr class="failedeven"><td rowspan="1">com.qa.tests.TC_008_LogoutTest</td><td><a href="#m0">testDetails</a></td><td rowspan="1">1746591448699</td><td rowspan="1">0</td></tr><tr><th colspan="4">Test &#8212; failed</th></tr><tr class="failedeven"><td rowspan="4">com.qa.tests.TC_001_LoginPageTest</td><td><a href="#m1">verifyLoginFunctionality</a></td><td rowspan="4">1746591007030</td><td rowspan="4">2295</td></tr><tr class="failedeven"><td><a href="#m2">verifyLoginFunctionality</a></td></tr><tr class="failedeven"><td><a href="#m3">verifyLoginFunctionality</a></td></tr><tr class="failedeven"><td><a href="#m4">verifyLoginFunctionality</a></td></tr><tr class="failedodd"><td rowspan="1">com.qa.tests.TC_002_SearchHotelHomePage</td><td><a href="#m5">verifySearchHotelMenuDisplayedAfterLogin</a></td><td rowspan="1">1746591019359</td><td rowspan="1">50015</td></tr><tr class="failedeven"><td rowspan="5">com.qa.tests.TC_003_SearchHotelTest</td><td><a href="#m6">VerifyTOselectPastCheckInDate</a></td><td rowspan="1">1746591258830</td><td rowspan="1">5310</td></tr><tr class="failedeven"><td><a href="#m7">selectRoomTypeAndVerify</a></td><td rowspan="1">1746591237598</td><td rowspan="1">360</td></tr><tr class="failedeven"><td><a href="#m8">verifyMandatoryFieldAsterisks</a></td><td rowspan="1">1746591197555</td><td rowspan="1">632</td></tr><tr class="failedeven"><td><a href="#m9">verifySearchHotelFormRedirectionAndValidation</a></td><td rowspan="1">1746591093456</td><td rowspan="1">51004</td></tr><tr class="failedeven"><td><a href="#m10">verifySearchHotelFormValidDataRedirection1</a></td><td rowspan="1">1746591156541</td><td rowspan="1">10605</td></tr><tr class="failedodd"><td rowspan="1">com.qa.tests.TC_004_SelectHotelPageTest</td><td><a href="#m11">VerifyBookingFailsWithoutSelectingHotelRadioButton</a></td><td rowspan="1">1746591321476</td><td rowspan="1">50474</td></tr><tr class="failedeven"><td rowspan="1">com.qa.tests.TC_006_BookingConfirmationTest</td><td><a href="#m12">verifyMyItineraryNavigation</a></td><td rowspan="1">1746591398346</td><td rowspan="1">50038</td></tr><tr><th colspan="4">Test &#8212; skipped (configuration methods)</th></tr><tr class="skippedeven"><td rowspan="3">com.qa.tests.TC_008_LogoutTest</td><td><a href="#m13">browserClose</a></td><td rowspan="1">1746591448703</td><td rowspan="1">0</td></tr><tr class="skippedeven"><td><a href="#m14">launchingAndLoadingURL</a></td><td rowspan="1">1746591448702</td><td rowspan="1">0</td></tr><tr class="skippedeven"><td><a href="#m15">setUp</a></td><td rowspan="1">1746591448702</td><td rowspan="1">0</td></tr><tr><th colspan="4">Test &#8212; skipped</th></tr><tr class="skippedeven"><td rowspan="1">com.qa.tests.TC_008_LogoutTest</td><td><a href="#m16">verifyLogoutFunctionality</a></td><td rowspan="1">1746591448703</td><td rowspan="1">0</td></tr><tr><th colspan="4">Test &#8212; passed</th></tr><tr class="passedeven"><td rowspan="1">com.qa.tests.TC_001_LoginPageTest</td><td><a href="#m17">verifyLoginButtonVisibility</a></td><td rowspan="1">1746590990687</td><td rowspan="1">47</td></tr><tr class="passedodd"><td rowspan="24">com.qa.tests.TC_003_SearchHotelTest</td><td><a href="#m18">VerifyResetButtonFunctionality</a></td><td rowspan="1">1746591292107</td><td rowspan="1">3503</td></tr><tr class="passedodd"><td><a href="#m19">VerifyToSelectValidCheckInDate</a></td><td rowspan="1">1746591268085</td><td rowspan="1">5008</td></tr><tr class="passedodd"><td><a href="#m20">selectValidCheckInDate</a></td><td rowspan="1">1746591253759</td><td rowspan="1">1460</td></tr><tr class="passedodd"><td><a href="#m21">testLocationDropdown</a></td><td rowspan="1">1746591203436</td><td rowspan="1">468</td></tr><tr class="passedodd"><td><a href="#m22">verifyAllRoomTypesListed</a></td><td rowspan="1">1746591241728</td><td rowspan="1">275</td></tr><tr class="passedodd"><td><a href="#m23">verifyCheckInDateDisplayedClickedAndHeld</a></td><td rowspan="1">1746591245838</td><td rowspan="1">4403</td></tr><tr class="passedodd"><td><a href="#m24">verifyCheckOutDateDisplayedClickedAndHeld</a></td><td rowspan="1">1746591278142</td><td rowspan="1">1700</td></tr><tr class="passedodd"><td><a href="#m25">verifyErrorForPastCheckOutDate</a></td><td rowspan="1">1746591283151</td><td rowspan="1">5206</td></tr><tr class="passedodd"><td><a href="#m26">verifyFieldDefaultValues</a></td><td rowspan="1">1746591193150</td><td rowspan="1">626</td></tr><tr class="passedodd"><td><a href="#m27">verifyHotelDropdownOptions</a></td><td rowspan="1">1746591214979</td><td rowspan="1">290</td></tr><tr class="passedodd"><td><a href="#m28">verifyHotelDropdownOptionsDisplayAndSelectability</a></td><td rowspan="1">1746591218557</td><td rowspan="1">581</td></tr><tr class="passedodd"><td><a href="#m29">verifyLocationDropdownPlaceholderValue</a></td><td rowspan="1">1746591207404</td><td rowspan="1">268</td></tr><tr class="passedodd"><td><a href="#m30">verifyRoomTypeDropdownIsPresent</a></td><td rowspan="1">1746591226970</td><td rowspan="1">2315</td></tr><tr class="passedodd"><td><a href="#m31">verifySearchHotelFormElementsPresence</a></td><td rowspan="1">1746591189150</td><td rowspan="1">338</td></tr><tr class="passedodd"><td><a href="#m32">verifySearchHotelFormRedirectionAndValidation</a></td><td rowspan="3">1746591087270</td><td rowspan="3">2732</td></tr><tr class="passedodd"><td><a href="#m33">verifySearchHotelFormRedirectionAndValidation</a></td></tr><tr class="passedodd"><td><a href="#m34">verifySearchHotelFormRedirectionAndValidation</a></td></tr><tr class="passedodd"><td><a href="#m35">verifySearchHotelFormValidDataRedirection1</a></td><td rowspan="3">1746591171032</td><td rowspan="3">1</td></tr><tr class="passedodd"><td><a href="#m36">verifySearchHotelFormValidDataRedirection1</a></td></tr><tr class="passedodd"><td><a href="#m37">verifySearchHotelFormValidDataRedirection1</a></td></tr><tr class="passedodd"><td><a href="#m38">verifySearchHotelMenuNaviagtion</a></td><td rowspan="1">1746591181940</td><td rowspan="1">3484</td></tr><tr class="passedodd"><td><a href="#m39">verifySelectedHotelValue</a></td><td rowspan="1">1746591222712</td><td rowspan="1">353</td></tr><tr class="passedodd"><td><a href="#m40">verifySelectedRoomTypeDropdown</a></td><td rowspan="1">1746591233492</td><td rowspan="1">526</td></tr><tr class="passedodd"><td><a href="#m41">verifyTotalNumberOfHotelsInDropdown</a></td><td rowspan="1">1746591210881</td><td rowspan="1">507</td></tr><tr class="passedeven"><td rowspan="3">com.qa.tests.TC_004_SelectHotelPageTest</td><td><a href="#m42">VerifyHotelSelectionWithPrefilledData</a></td><td rowspan="1">1746591299237</td><td rowspan="1">3725</td></tr><tr class="passedeven"><td><a href="#m43">VerifyRedirectionToSelectHotelPage</a></td><td rowspan="1">1746591308895</td><td rowspan="1">931</td></tr><tr class="passedeven"><td><a href="#m44">verifyHotelSelectionFunctionality</a></td><td rowspan="1">1746591313488</td><td rowspan="1">4597</td></tr><tr class="passedodd"><td rowspan="1">com.qa.tests.TC_005_BookHotelPageTest</td><td><a href="#m45">verifySuccessfulBookingWithValidData</a></td><td rowspan="1">1746591378993</td><td rowspan="1">11060</td></tr><tr class="passedeven"><td rowspan="1">com.qa.tests.TC_006_BookingConfirmationTest</td><td><a href="#m46">verifyOrderIdgeneratedOrNot</a></td><td rowspan="1">1746591394305</td><td rowspan="1">141</td></tr></tbody>
</table>
<h2>Test</h2><h3 id="m0">com.qa.tests.TC_008_LogoutTest#testDetails</h3><table class="result"><tr><th>Exception</th></tr><tr><td><div class="stacktrace">java.lang.IllegalArgumentException: Test name must not be null or empty
	at com.aventstack.extentreports.util.Assert.notEmpty(Assert.java:12)
	at com.aventstack.extentreports.ExtentTest.&lt;init&gt;(ExtentTest.java:97)
	at com.aventstack.extentreports.ExtentTest.&lt;init&gt;(ExtentTest.java:118)
	at com.aventstack.extentreports.ExtentReports.createTest(ExtentReports.java:231)
	at com.qa.base.ProjectSpecificationMethods.testDetails(ProjectSpecificationMethods.java:43)
	at java.base/java.util.ArrayList.forEach(ArrayList.java:1596)
... Removed 27 stack frames</div></td></tr></table><p class="totop"><a href="#summary">back to summary</a></p>
<h3 id="m1">com.qa.tests.TC_001_LoginPageTest#verifyLoginFunctionality</h3><table class="result"><tr class="param"><th>Parameter #1</th><th>Parameter #2</th><th>Parameter #3</th><th>Parameter #4</th></tr><tr class="param stripe"><td>amruthapm</td><td></td><td>EmptyPassword</td><td>Enter Password
</td></tr><tr><th colspan="4">Exception</th></tr><tr><td colspan="4"><div class="stacktrace">java.lang.AssertionError: Test case failed: Expected error message not found for empty password. expected [true] but found [false]
	at com.qa.tests.TC_001_LoginPageTest.verifyLoginFunctionality(TC_001_LoginPageTest.java:63)
	at java.base/java.util.ArrayList.forEach(ArrayList.java:1596)
... Removed 32 stack frames</div></td></tr></table><p class="totop"><a href="#summary">back to summary</a></p>
<h3 id="m2">com.qa.tests.TC_001_LoginPageTest#verifyLoginFunctionality</h3><table class="result"><tr class="param"><th>Parameter #1</th><th>Parameter #2</th><th>Parameter #3</th><th>Parameter #4</th></tr><tr class="param stripe"><td>amruthapm</td><td>Google123</td><td>Valid data</td><td>AdactIn.com - Search Hotel:Login successfull</td></tr><tr><th colspan="4">Exception</th></tr><tr><td colspan="4"><div class="stacktrace">java.lang.AssertionError: Test case failed: Login attempt with valid data failed. Actual title: Adactin.com - Search Hotel expected [AdactIn.com - Search Hotel:Login successfull] but found [Adactin.com - Search Hotel]
	at com.qa.tests.TC_001_LoginPageTest.verifyLoginFunctionality(TC_001_LoginPageTest.java:55)
	at java.base/java.util.ArrayList.forEach(ArrayList.java:1596)
... Removed 34 stack frames</div></td></tr></table><p class="totop"><a href="#summary">back to summary</a></p>
<h3 id="m3">com.qa.tests.TC_001_LoginPageTest#verifyLoginFunctionality</h3><table class="result"><tr class="param"><th>Parameter #1</th><th>Parameter #2</th><th>Parameter #3</th><th>Parameter #4</th></tr><tr class="param stripe"><td></td><td>India123</td><td>EmptyUsername</td><td>Enter Username
</td></tr><tr><th colspan="4">Exception</th></tr><tr><td colspan="4"><div class="stacktrace">java.lang.AssertionError: Test case failed: Expected error message not found for empty username. expected [true] but found [false]
	at com.qa.tests.TC_001_LoginPageTest.verifyLoginFunctionality(TC_001_LoginPageTest.java:67)
	at java.base/java.util.ArrayList.forEach(ArrayList.java:1596)
... Removed 32 stack frames</div></td></tr></table><p class="totop"><a href="#summary">back to summary</a></p>
<h3 id="m4">com.qa.tests.TC_001_LoginPageTest#verifyLoginFunctionality</h3><table class="result"><tr class="param"><th>Parameter #1</th><th>Parameter #2</th><th>Parameter #3</th><th>Parameter #4</th></tr><tr class="param stripe"><td>priya</td><td>1234ffff</td><td>Invalid username and password</td><td>
Invalid Login details or Your Password might have expired.</td></tr><tr><th colspan="4">Exception</th></tr><tr><td colspan="4"><div class="stacktrace">java.lang.AssertionError: Test case failed: Expected error message not found for invalid credentials. expected [true] but found [false]
	at com.qa.tests.TC_001_LoginPageTest.verifyLoginFunctionality(TC_001_LoginPageTest.java:59)
	at java.base/java.util.ArrayList.forEach(ArrayList.java:1596)
... Removed 32 stack frames</div></td></tr></table><p class="totop"><a href="#summary">back to summary</a></p>
<h3 id="m5">com.qa.tests.TC_002_SearchHotelHomePage#verifySearchHotelMenuDisplayedAfterLogin</h3><table class="result"><tr><th>Exception</th></tr><tr><td><div class="stacktrace">org.openqa.selenium.NoSuchElementException: no such element: Unable to locate element: {&quot;method&quot;:&quot;css selector&quot;,&quot;selector&quot;:&quot;#username&quot;}
  (Session info: chrome=135.0.7049.115)
For documentation on this error, please visit: https://www.selenium.dev/documentation/webdriver/troubleshooting/errors#no-such-element-exception
Build info: version: &apos;4.31.0&apos;, revision: &apos;1ef9f18787*&apos;
System info: os.name: &apos;Windows 11&apos;, os.arch: &apos;amd64&apos;, os.version: &apos;10.0&apos;, java.version: &apos;21.0.6&apos;
Driver info: org.openqa.selenium.chrome.ChromeDriver
Command: [61980f5e8756a660fa1891f08836b589, findElement {using=id, value=username}]
Capabilities {acceptInsecureCerts: false, browserName: chrome, browserVersion: 135.0.7049.115, chrome: {chromedriverVersion: 135.0.7049.114 (63fd8a7d9d0..., userDataDir: C:\Users\ADMIN\AppData\Loca...}, fedcm:accounts: true, goog:chromeOptions: {debuggerAddress: localhost:64433}, networkConnectionEnabled: false, pageLoadStrategy: normal, platformName: windows, proxy: Proxy(), se:cdp: ws://localhost:64433/devtoo..., se:cdpVersion: 135.0.7049.115, setWindowRect: true, strictFileInteractability: false, timeouts: {implicit: 0, pageLoad: 300000, script: 30000}, unhandledPromptBehavior: dismiss and notify, webauthn:extension:credBlob: true, webauthn:extension:largeBlob: true, webauthn:extension:minPinLength: true, webauthn:extension:prf: true, webauthn:virtualAuthenticators: true}
Session ID: 61980f5e8756a660fa1891f08836b589
	at org.openqa.selenium.remote.ErrorCodec.decode(ErrorCodec.java:167)
	at org.openqa.selenium.remote.codec.w3c.W3CHttpResponseCodec.decode(W3CHttpResponseCodec.java:138)
	at org.openqa.selenium.remote.codec.w3c.W3CHttpResponseCodec.decode(W3CHttpResponseCodec.java:50)
	at org.openqa.selenium.remote.HttpCommandExecutor.execute(HttpCommandExecutor.java:215)
	at org.openqa.selenium.remote.service.DriverCommandExecutor.invokeExecute(DriverCommandExecutor.java:216)
	at org.openqa.selenium.remote.service.DriverCommandExecutor.execute(DriverCommandExecutor.java:174)
	at org.openqa.selenium.remote.RemoteWebDriver.execute(RemoteWebDriver.java:545)
	at org.openqa.selenium.remote.ElementLocation$ElementFinder$2.findElement(ElementLocation.java:165)
	at org.openqa.selenium.remote.ElementLocation.findElement(ElementLocation.java:59)
	at org.openqa.selenium.remote.RemoteWebDriver.findElement(RemoteWebDriver.java:368)
	at org.openqa.selenium.remote.RemoteWebDriver.findElement(RemoteWebDriver.java:362)
	at org.openqa.selenium.support.pagefactory.DefaultElementLocator.findElement(DefaultElementLocator.java:68)
	at org.openqa.selenium.support.pagefactory.internal.LocatingElementHandler.invoke(LocatingElementHandler.java:38)
	at jdk.proxy2/jdk.proxy2.$Proxy18.clear(Unknown Source)
	at com.qa.pages.LoginPage.enterUsername(LoginPage.java:44)
	at com.qa.tests.TC_002_SearchHotelHomePage.verifySearchHotelMenuDisplayedAfterLogin(TC_002_SearchHotelHomePage.java:38)
	at java.base/java.util.ArrayList.forEach(ArrayList.java:1596)
... Removed 32 stack frames</div></td></tr></table><p class="totop"><a href="#summary">back to summary</a></p>
<h3 id="m6">com.qa.tests.TC_003_SearchHotelTest#VerifyTOselectPastCheckInDate</h3><table class="result"><tr><th>Exception</th></tr><tr><td><div class="stacktrace">java.lang.AssertionError: Test failed: User was redirected even with an invalid check-in date.
	at com.qa.tests.TC_003_SearchHotelTest.VerifyTOselectPastCheckInDate(TC_003_SearchHotelTest.java:580)
	at java.base/java.util.ArrayList.forEach(ArrayList.java:1596)
... Removed 30 stack frames</div></td></tr></table><p class="totop"><a href="#summary">back to summary</a></p>
<h3 id="m7">com.qa.tests.TC_003_SearchHotelTest#selectRoomTypeAndVerify</h3><table class="result"><tr><th>Exception</th></tr><tr><td><div class="stacktrace">java.lang.AssertionError: ❌ Failed to select &apos;Deluxe&apos; room type. expected [Deluxe] but found [Super Deluxe]
	at com.qa.tests.TC_003_SearchHotelTest.selectRoomTypeAndVerify(TC_003_SearchHotelTest.java:449)
	at java.base/java.util.ArrayList.forEach(ArrayList.java:1596)
... Removed 34 stack frames</div></td></tr></table><p class="totop"><a href="#summary">back to summary</a></p>
<h3 id="m8">com.qa.tests.TC_003_SearchHotelTest#verifyMandatoryFieldAsterisks</h3><table class="result"><tr><th>Exception</th></tr><tr><td><div class="stacktrace">java.lang.AssertionError: ❌ &apos;Adults per Room&apos; field is not marked as mandatory. expected [true] but found [false]
	at com.qa.tests.TC_003_SearchHotelTest.verifyMandatoryFieldAsterisks(TC_003_SearchHotelTest.java:218)
	at java.base/java.util.ArrayList.forEach(ArrayList.java:1596)
... Removed 32 stack frames</div></td></tr></table><p class="totop"><a href="#summary">back to summary</a></p>
<h3 id="m9">com.qa.tests.TC_003_SearchHotelTest#verifySearchHotelFormRedirectionAndValidation</h3><table class="result"><tr class="param"><th>Parameter #1</th><th>Parameter #2</th><th>Parameter #3</th><th>Parameter #4</th><th>Parameter #5</th><th>Parameter #6</th><th>Parameter #7</th><th>Parameter #8</th><th>Parameter #9</th><th>Parameter #10</th></tr><tr class="param stripe"><td></td><td>Hotel Creek</td><td>Deluxe</td><td></td><td></td><td></td><td></td><td>1 - One</td><td>WithoutMandatoryFields
</td><td>Please Select a Location</td></tr><tr><th colspan="10">Exception</th></tr><tr><td colspan="10"><div class="stacktrace">org.openqa.selenium.TimeoutException: Expected condition failed: waiting for visibility of element located by By.id: error-message (tried for 40 second(s) with 500 milliseconds interval)
Build info: version: &apos;4.31.0&apos;, revision: &apos;1ef9f18787*&apos;
System info: os.name: &apos;Windows 11&apos;, os.arch: &apos;amd64&apos;, os.version: &apos;10.0&apos;, java.version: &apos;21.0.6&apos;
Driver info: org.openqa.selenium.chrome.ChromeDriver
Capabilities {acceptInsecureCerts: false, browserName: chrome, browserVersion: 135.0.7049.115, chrome: {chromedriverVersion: 135.0.7049.114 (63fd8a7d9d0..., userDataDir: C:\Users\ADMIN\AppData\Loca...}, fedcm:accounts: true, goog:chromeOptions: {debuggerAddress: localhost:64578}, networkConnectionEnabled: false, pageLoadStrategy: normal, platformName: windows, proxy: Proxy(), se:cdp: ws://localhost:64578/devtoo..., se:cdpVersion: 135.0.7049.115, setWindowRect: true, strictFileInteractability: false, timeouts: {implicit: 0, pageLoad: 300000, script: 30000}, unhandledPromptBehavior: dismiss and notify, webauthn:extension:credBlob: true, webauthn:extension:largeBlob: true, webauthn:extension:minPinLength: true, webauthn:extension:prf: true, webauthn:virtualAuthenticators: true}
Session ID: 78ab4f107afba58ca3cb631c114efbe1
	at org.openqa.selenium.support.ui.WebDriverWait.timeoutException(WebDriverWait.java:84)
	at org.openqa.selenium.support.ui.FluentWait.until(FluentWait.java:228)
	at com.qa.tests.TC_003_SearchHotelTest.verifySearchHotelFormRedirectionAndValidation(TC_003_SearchHotelTest.java:887)
	at java.base/java.util.ArrayList.forEach(ArrayList.java:1596)
... Removed 29 stack frames</div></td></tr></table><p class="totop"><a href="#summary">back to summary</a></p>
<h3 id="m10">com.qa.tests.TC_003_SearchHotelTest#verifySearchHotelFormValidDataRedirection1</h3><table class="result"><tr class="param"><th>Parameter #1</th><th>Parameter #2</th><th>Parameter #3</th><th>Parameter #4</th><th>Parameter #5</th><th>Parameter #6</th><th>Parameter #7</th><th>Parameter #8</th><th>Parameter #9</th><th>Parameter #10</th></tr><tr class="param stripe"><td>Sydney</td><td>Hotel Sunshine</td><td>Standard</td><td>2 - Two</td><td>16/05/2025</td><td>5/19/25</td><td>2 - Two</td><td>1 - One</td><td>Valid Data</td><td>Select Hotel</td></tr><tr><th colspan="10">Exception</th></tr><tr><td colspan="10"><div class="stacktrace">org.openqa.selenium.TimeoutException: Expected condition failed: waiting for url to contain &quot;SelectHotel&quot;. Current url: &quot;https://adactinhotelapp.com/SearchHotel.php&quot; (tried for 10 second(s) with 500 milliseconds interval)
Build info: version: &apos;4.31.0&apos;, revision: &apos;1ef9f18787*&apos;
System info: os.name: &apos;Windows 11&apos;, os.arch: &apos;amd64&apos;, os.version: &apos;10.0&apos;, java.version: &apos;21.0.6&apos;
Driver info: org.openqa.selenium.chrome.ChromeDriver
Capabilities {acceptInsecureCerts: false, browserName: chrome, browserVersion: 135.0.7049.115, chrome: {chromedriverVersion: 135.0.7049.114 (63fd8a7d9d0..., userDataDir: C:\Users\ADMIN\AppData\Loca...}, fedcm:accounts: true, goog:chromeOptions: {debuggerAddress: localhost:64677}, networkConnectionEnabled: false, pageLoadStrategy: normal, platformName: windows, proxy: Proxy(), se:cdp: ws://localhost:64677/devtoo..., se:cdpVersion: 135.0.7049.115, setWindowRect: true, strictFileInteractability: false, timeouts: {implicit: 0, pageLoad: 300000, script: 30000}, unhandledPromptBehavior: dismiss and notify, webauthn:extension:credBlob: true, webauthn:extension:largeBlob: true, webauthn:extension:minPinLength: true, webauthn:extension:prf: true, webauthn:virtualAuthenticators: true}
Session ID: e96d59c009a87216398456e737e5f9bc
	at org.openqa.selenium.support.ui.WebDriverWait.timeoutException(WebDriverWait.java:84)
	at org.openqa.selenium.support.ui.FluentWait.until(FluentWait.java:228)
	at com.qa.tests.TC_003_SearchHotelTest.verifySearchHotelFormValidDataRedirection1(TC_003_SearchHotelTest.java:781)
	at java.base/java.util.ArrayList.forEach(ArrayList.java:1596)
... Removed 29 stack frames</div></td></tr></table><p class="totop"><a href="#summary">back to summary</a></p>
<h3 id="m11">com.qa.tests.TC_004_SelectHotelPageTest#VerifyBookingFailsWithoutSelectingHotelRadioButton</h3><table class="result"><tr><th>Exception</th></tr><tr><td><div class="stacktrace">org.openqa.selenium.NoSuchElementException: no such element: Unable to locate element: {&quot;method&quot;:&quot;css selector&quot;,&quot;selector&quot;:&quot;#continue&quot;}
  (Session info: chrome=135.0.7049.115)
For documentation on this error, please visit: https://www.selenium.dev/documentation/webdriver/troubleshooting/errors#no-such-element-exception
Build info: version: &apos;4.31.0&apos;, revision: &apos;1ef9f18787*&apos;
System info: os.name: &apos;Windows 11&apos;, os.arch: &apos;amd64&apos;, os.version: &apos;10.0&apos;, java.version: &apos;21.0.6&apos;
Driver info: org.openqa.selenium.chrome.ChromeDriver
Command: [4ab625d6ed606a32d918d740080ec696, findElement {using=id, value=continue}]
Capabilities {acceptInsecureCerts: false, browserName: chrome, browserVersion: 135.0.7049.115, chrome: {chromedriverVersion: 135.0.7049.114 (63fd8a7d9d0..., userDataDir: C:\Users\ADMIN\AppData\Loca...}, fedcm:accounts: true, goog:chromeOptions: {debuggerAddress: localhost:65529}, networkConnectionEnabled: false, pageLoadStrategy: normal, platformName: windows, proxy: Proxy(), se:cdp: ws://localhost:65529/devtoo..., se:cdpVersion: 135.0.7049.115, setWindowRect: true, strictFileInteractability: false, timeouts: {implicit: 0, pageLoad: 300000, script: 30000}, unhandledPromptBehavior: dismiss and notify, webauthn:extension:credBlob: true, webauthn:extension:largeBlob: true, webauthn:extension:minPinLength: true, webauthn:extension:prf: true, webauthn:virtualAuthenticators: true}
Session ID: 4ab625d6ed606a32d918d740080ec696
	at org.openqa.selenium.remote.ErrorCodec.decode(ErrorCodec.java:167)
	at org.openqa.selenium.remote.codec.w3c.W3CHttpResponseCodec.decode(W3CHttpResponseCodec.java:138)
	at org.openqa.selenium.remote.codec.w3c.W3CHttpResponseCodec.decode(W3CHttpResponseCodec.java:50)
	at org.openqa.selenium.remote.HttpCommandExecutor.execute(HttpCommandExecutor.java:215)
	at org.openqa.selenium.remote.service.DriverCommandExecutor.invokeExecute(DriverCommandExecutor.java:216)
	at org.openqa.selenium.remote.service.DriverCommandExecutor.execute(DriverCommandExecutor.java:174)
	at org.openqa.selenium.remote.RemoteWebDriver.execute(RemoteWebDriver.java:545)
	at org.openqa.selenium.remote.ElementLocation$ElementFinder$2.findElement(ElementLocation.java:165)
	at org.openqa.selenium.remote.ElementLocation.findElement(ElementLocation.java:59)
	at org.openqa.selenium.remote.RemoteWebDriver.findElement(RemoteWebDriver.java:368)
	at org.openqa.selenium.remote.RemoteWebDriver.findElement(RemoteWebDriver.java:362)
	at org.openqa.selenium.support.pagefactory.DefaultElementLocator.findElement(DefaultElementLocator.java:68)
	at org.openqa.selenium.support.pagefactory.internal.LocatingElementHandler.invoke(LocatingElementHandler.java:38)
	at jdk.proxy2/jdk.proxy2.$Proxy18.click(Unknown Source)
	at com.qa.pages.SelectHotelPage.clickContinue(SelectHotelPage.java:86)
	at com.qa.tests.TC_004_SelectHotelPageTest.VerifyBookingFailsWithoutSelectingHotelRadioButton(TC_004_SelectHotelPageTest.java:147)
	at java.base/java.util.ArrayList.forEach(ArrayList.java:1596)
... Removed 32 stack frames</div></td></tr></table><p class="totop"><a href="#summary">back to summary</a></p>
<h3 id="m12">com.qa.tests.TC_006_BookingConfirmationTest#verifyMyItineraryNavigation</h3><table class="result"><tr><th>Exception</th></tr><tr><td><div class="stacktrace">org.openqa.selenium.NoSuchElementException: no such element: Unable to locate element: {&quot;method&quot;:&quot;css selector&quot;,&quot;selector&quot;:&quot;#my_itinerary&quot;}
  (Session info: chrome=135.0.7049.115)
For documentation on this error, please visit: https://www.selenium.dev/documentation/webdriver/troubleshooting/errors#no-such-element-exception
Build info: version: &apos;4.31.0&apos;, revision: &apos;1ef9f18787*&apos;
System info: os.name: &apos;Windows 11&apos;, os.arch: &apos;amd64&apos;, os.version: &apos;10.0&apos;, java.version: &apos;21.0.6&apos;
Driver info: org.openqa.selenium.chrome.ChromeDriver
Command: [fe52cf55bb0d14c6f8f75d4ebc1b5367, findElement {using=id, value=my_itinerary}]
Capabilities {acceptInsecureCerts: false, browserName: chrome, browserVersion: 135.0.7049.115, chrome: {chromedriverVersion: 135.0.7049.114 (63fd8a7d9d0..., userDataDir: C:\Users\ADMIN\AppData\Loca...}, fedcm:accounts: true, goog:chromeOptions: {debuggerAddress: localhost:49288}, networkConnectionEnabled: false, pageLoadStrategy: normal, platformName: windows, proxy: Proxy(), se:cdp: ws://localhost:49288/devtoo..., se:cdpVersion: 135.0.7049.115, setWindowRect: true, strictFileInteractability: false, timeouts: {implicit: 0, pageLoad: 300000, script: 30000}, unhandledPromptBehavior: dismiss and notify, webauthn:extension:credBlob: true, webauthn:extension:largeBlob: true, webauthn:extension:minPinLength: true, webauthn:extension:prf: true, webauthn:virtualAuthenticators: true}
Session ID: fe52cf55bb0d14c6f8f75d4ebc1b5367
	at org.openqa.selenium.remote.ErrorCodec.decode(ErrorCodec.java:167)
	at org.openqa.selenium.remote.codec.w3c.W3CHttpResponseCodec.decode(W3CHttpResponseCodec.java:138)
	at org.openqa.selenium.remote.codec.w3c.W3CHttpResponseCodec.decode(W3CHttpResponseCodec.java:50)
	at org.openqa.selenium.remote.HttpCommandExecutor.execute(HttpCommandExecutor.java:215)
	at org.openqa.selenium.remote.service.DriverCommandExecutor.invokeExecute(DriverCommandExecutor.java:216)
	at org.openqa.selenium.remote.service.DriverCommandExecutor.execute(DriverCommandExecutor.java:174)
	at org.openqa.selenium.remote.RemoteWebDriver.execute(RemoteWebDriver.java:545)
	at org.openqa.selenium.remote.ElementLocation$ElementFinder$2.findElement(ElementLocation.java:165)
	at org.openqa.selenium.remote.ElementLocation.findElement(ElementLocation.java:59)
	at org.openqa.selenium.remote.RemoteWebDriver.findElement(RemoteWebDriver.java:368)
	at org.openqa.selenium.remote.RemoteWebDriver.findElement(RemoteWebDriver.java:362)
	at org.openqa.selenium.support.pagefactory.DefaultElementLocator.findElement(DefaultElementLocator.java:68)
	at org.openqa.selenium.support.pagefactory.internal.LocatingElementHandler.invoke(LocatingElementHandler.java:38)
	at jdk.proxy2/jdk.proxy2.$Proxy18.click(Unknown Source)
	at com.qa.pages.BookingConfirmationPage.clickMyItenaryButton(BookingConfirmationPage.java:35)
	at com.qa.tests.TC_006_BookingConfirmationTest.verifyMyItineraryNavigation(TC_006_BookingConfirmationTest.java:58)
	at java.base/java.util.ArrayList.forEach(ArrayList.java:1596)
... Removed 32 stack frames</div></td></tr></table><p class="totop"><a href="#summary">back to summary</a></p>
<h3 id="m13">com.qa.tests.TC_008_LogoutTest#browserClose</h3><table class="result"><tr><th class="invisible"/></tr></table><p class="totop"><a href="#summary">back to summary</a></p>
<h3 id="m14">com.qa.tests.TC_008_LogoutTest#launchingAndLoadingURL</h3><table class="result"><tr><th class="invisible"/></tr></table><p class="totop"><a href="#summary">back to summary</a></p>
<h3 id="m15">com.qa.tests.TC_008_LogoutTest#setUp</h3><table class="result"><tr><th class="invisible"/></tr></table><p class="totop"><a href="#summary">back to summary</a></p>
<h3 id="m16">com.qa.tests.TC_008_LogoutTest#verifyLogoutFunctionality</h3><table class="result"><tr><th>Exception</th></tr><tr><td><div class="stacktrace">java.lang.IllegalArgumentException: Test name must not be null or empty
	at com.aventstack.extentreports.util.Assert.notEmpty(Assert.java:12)
	at com.aventstack.extentreports.ExtentTest.&lt;init&gt;(ExtentTest.java:97)
	at com.aventstack.extentreports.ExtentTest.&lt;init&gt;(ExtentTest.java:118)
	at com.aventstack.extentreports.ExtentReports.createTest(ExtentReports.java:231)
	at com.qa.base.ProjectSpecificationMethods.testDetails(ProjectSpecificationMethods.java:43)
	at java.base/java.util.ArrayList.forEach(ArrayList.java:1596)
... Removed 27 stack frames</div></td></tr></table><p class="totop"><a href="#summary">back to summary</a></p>
<h3 id="m17">com.qa.tests.TC_001_LoginPageTest#verifyLoginButtonVisibility</h3><table class="result"><tr><th class="invisible"/></tr></table><p class="totop"><a href="#summary">back to summary</a></p>
<h3 id="m18">com.qa.tests.TC_003_SearchHotelTest#VerifyResetButtonFunctionality</h3><table class="result"><tr><th class="invisible"/></tr></table><p class="totop"><a href="#summary">back to summary</a></p>
<h3 id="m19">com.qa.tests.TC_003_SearchHotelTest#VerifyToSelectValidCheckInDate</h3><table class="result"><tr><th class="invisible"/></tr></table><p class="totop"><a href="#summary">back to summary</a></p>
<h3 id="m20">com.qa.tests.TC_003_SearchHotelTest#selectValidCheckInDate</h3><table class="result"><tr><th class="invisible"/></tr></table><p class="totop"><a href="#summary">back to summary</a></p>
<h3 id="m21">com.qa.tests.TC_003_SearchHotelTest#testLocationDropdown</h3><table class="result"><tr><th class="invisible"/></tr></table><p class="totop"><a href="#summary">back to summary</a></p>
<h3 id="m22">com.qa.tests.TC_003_SearchHotelTest#verifyAllRoomTypesListed</h3><table class="result"><tr><th class="invisible"/></tr></table><p class="totop"><a href="#summary">back to summary</a></p>
<h3 id="m23">com.qa.tests.TC_003_SearchHotelTest#verifyCheckInDateDisplayedClickedAndHeld</h3><table class="result"><tr><th class="invisible"/></tr></table><p class="totop"><a href="#summary">back to summary</a></p>
<h3 id="m24">com.qa.tests.TC_003_SearchHotelTest#verifyCheckOutDateDisplayedClickedAndHeld</h3><table class="result"><tr><th class="invisible"/></tr></table><p class="totop"><a href="#summary">back to summary</a></p>
<h3 id="m25">com.qa.tests.TC_003_SearchHotelTest#verifyErrorForPastCheckOutDate</h3><table class="result"><tr><th class="invisible"/></tr></table><p class="totop"><a href="#summary">back to summary</a></p>
<h3 id="m26">com.qa.tests.TC_003_SearchHotelTest#verifyFieldDefaultValues</h3><table class="result"><tr><th class="invisible"/></tr></table><p class="totop"><a href="#summary">back to summary</a></p>
<h3 id="m27">com.qa.tests.TC_003_SearchHotelTest#verifyHotelDropdownOptions</h3><table class="result"><tr><th class="invisible"/></tr></table><p class="totop"><a href="#summary">back to summary</a></p>
<h3 id="m28">com.qa.tests.TC_003_SearchHotelTest#verifyHotelDropdownOptionsDisplayAndSelectability</h3><table class="result"><tr><th class="invisible"/></tr></table><p class="totop"><a href="#summary">back to summary</a></p>
<h3 id="m29">com.qa.tests.TC_003_SearchHotelTest#verifyLocationDropdownPlaceholderValue</h3><table class="result"><tr><th class="invisible"/></tr></table><p class="totop"><a href="#summary">back to summary</a></p>
<h3 id="m30">com.qa.tests.TC_003_SearchHotelTest#verifyRoomTypeDropdownIsPresent</h3><table class="result"><tr><th class="invisible"/></tr></table><p class="totop"><a href="#summary">back to summary</a></p>
<h3 id="m31">com.qa.tests.TC_003_SearchHotelTest#verifySearchHotelFormElementsPresence</h3><table class="result"><tr><th class="invisible"/></tr></table><p class="totop"><a href="#summary">back to summary</a></p>
<h3 id="m32">com.qa.tests.TC_003_SearchHotelTest#verifySearchHotelFormRedirectionAndValidation</h3><table class="result"><tr class="param"><th>Parameter #1</th><th>Parameter #2</th><th>Parameter #3</th><th>Parameter #4</th><th>Parameter #5</th><th>Parameter #6</th><th>Parameter #7</th><th>Parameter #8</th><th>Parameter #9</th><th>Parameter #10</th></tr><tr class="param stripe"><td>Brisbane</td><td></td><td></td><td>3 - Three</td><td>21/05/2025</td><td>5/28/25</td><td>2 - Two</td><td></td><td>MadatoryFields Alone</td><td>Select Hotel</td></tr></table><p class="totop"><a href="#summary">back to summary</a></p>
<h3 id="m33">com.qa.tests.TC_003_SearchHotelTest#verifySearchHotelFormRedirectionAndValidation</h3><table class="result"><tr class="param"><th>Parameter #1</th><th>Parameter #2</th><th>Parameter #3</th><th>Parameter #4</th><th>Parameter #5</th><th>Parameter #6</th><th>Parameter #7</th><th>Parameter #8</th><th>Parameter #9</th><th>Parameter #10</th></tr><tr class="param stripe"><td>Sydney</td><td>Hotel Sunshine</td><td>Standard</td><td>2 - Two</td><td>16/05/2025</td><td>5/19/25</td><td>2 - Two</td><td>1 - One</td><td>Valid Data</td><td>Select Hotel</td></tr></table><p class="totop"><a href="#summary">back to summary</a></p>
<h3 id="m34">com.qa.tests.TC_003_SearchHotelTest#verifySearchHotelFormRedirectionAndValidation</h3><table class="result"><tr class="param"><th>Parameter #1</th><th>Parameter #2</th><th>Parameter #3</th><th>Parameter #4</th><th>Parameter #5</th><th>Parameter #6</th><th>Parameter #7</th><th>Parameter #8</th><th>Parameter #9</th><th>Parameter #10</th></tr><tr class="param stripe"><td></td><td></td><td></td><td></td><td></td><td></td><td></td><td></td><td>Empty Fields</td><td>Please Select a Location</td></tr></table><p class="totop"><a href="#summary">back to summary</a></p>
<h3 id="m35">com.qa.tests.TC_003_SearchHotelTest#verifySearchHotelFormValidDataRedirection1</h3><table class="result"><tr class="param"><th>Parameter #1</th><th>Parameter #2</th><th>Parameter #3</th><th>Parameter #4</th><th>Parameter #5</th><th>Parameter #6</th><th>Parameter #7</th><th>Parameter #8</th><th>Parameter #9</th><th>Parameter #10</th></tr><tr class="param stripe"><td>Brisbane</td><td></td><td></td><td>3 - Three</td><td>21/05/2025</td><td>5/28/25</td><td>2 - Two</td><td></td><td>MadatoryFields Alone</td><td>Select Hotel</td></tr></table><p class="totop"><a href="#summary">back to summary</a></p>
<h3 id="m36">com.qa.tests.TC_003_SearchHotelTest#verifySearchHotelFormValidDataRedirection1</h3><table class="result"><tr class="param"><th>Parameter #1</th><th>Parameter #2</th><th>Parameter #3</th><th>Parameter #4</th><th>Parameter #5</th><th>Parameter #6</th><th>Parameter #7</th><th>Parameter #8</th><th>Parameter #9</th><th>Parameter #10</th></tr><tr class="param stripe"><td></td><td>Hotel Creek</td><td>Deluxe</td><td></td><td></td><td></td><td></td><td>1 - One</td><td>WithoutMandatoryFields
</td><td>Please Select a Location</td></tr></table><p class="totop"><a href="#summary">back to summary</a></p>
<h3 id="m37">com.qa.tests.TC_003_SearchHotelTest#verifySearchHotelFormValidDataRedirection1</h3><table class="result"><tr class="param"><th>Parameter #1</th><th>Parameter #2</th><th>Parameter #3</th><th>Parameter #4</th><th>Parameter #5</th><th>Parameter #6</th><th>Parameter #7</th><th>Parameter #8</th><th>Parameter #9</th><th>Parameter #10</th></tr><tr class="param stripe"><td></td><td></td><td></td><td></td><td></td><td></td><td></td><td></td><td>Empty Fields</td><td>Please Select a Location</td></tr></table><p class="totop"><a href="#summary">back to summary</a></p>
<h3 id="m38">com.qa.tests.TC_003_SearchHotelTest#verifySearchHotelMenuNaviagtion</h3><table class="result"><tr><th class="invisible"/></tr></table><p class="totop"><a href="#summary">back to summary</a></p>
<h3 id="m39">com.qa.tests.TC_003_SearchHotelTest#verifySelectedHotelValue</h3><table class="result"><tr><th class="invisible"/></tr></table><p class="totop"><a href="#summary">back to summary</a></p>
<h3 id="m40">com.qa.tests.TC_003_SearchHotelTest#verifySelectedRoomTypeDropdown</h3><table class="result"><tr><th class="invisible"/></tr></table><p class="totop"><a href="#summary">back to summary</a></p>
<h3 id="m41">com.qa.tests.TC_003_SearchHotelTest#verifyTotalNumberOfHotelsInDropdown</h3><table class="result"><tr><th class="invisible"/></tr></table><p class="totop"><a href="#summary">back to summary</a></p>
<h3 id="m42">com.qa.tests.TC_004_SelectHotelPageTest#VerifyHotelSelectionWithPrefilledData</h3><table class="result"><tr><th class="invisible"/></tr></table><p class="totop"><a href="#summary">back to summary</a></p>
<h3 id="m43">com.qa.tests.TC_004_SelectHotelPageTest#VerifyRedirectionToSelectHotelPage</h3><table class="result"><tr class="param"><th>Parameter #1</th><th>Parameter #2</th><th>Parameter #3</th><th>Parameter #4</th><th>Parameter #5</th><th>Parameter #6</th><th>Parameter #7</th><th>Parameter #8</th><th>Parameter #9</th><th>Parameter #10</th></tr><tr class="param stripe"><td>Sydney</td><td>Hotel Sunshine</td><td>Standard</td><td>2 - Two</td><td>16/05/2025</td><td>19-5-2025</td><td>2 - Two</td><td>1 - One</td><td>Valid Data</td><td>https://adactinhotelapp.com/SelectHotel.php</td></tr></table><p class="totop"><a href="#summary">back to summary</a></p>
<h3 id="m44">com.qa.tests.TC_004_SelectHotelPageTest#verifyHotelSelectionFunctionality</h3><table class="result"><tr><th class="invisible"/></tr></table><p class="totop"><a href="#summary">back to summary</a></p>
<h3 id="m45">com.qa.tests.TC_005_BookHotelPageTest#verifySuccessfulBookingWithValidData</h3><table class="result"><tr class="param"><th>Parameter #1</th><th>Parameter #2</th><th>Parameter #3</th><th>Parameter #4</th><th>Parameter #5</th><th>Parameter #6</th><th>Parameter #7</th><th>Parameter #8</th></tr><tr class="param stripe"><td>John</td><td>deo</td><td>1234 IIT Madras, chennai, India</td><td>1234567891234560</td><td>Visa</td><td>January</td><td>2026</td><td>123</td></tr></table><p class="totop"><a href="#summary">back to summary</a></p>
<h3 id="m46">com.qa.tests.TC_006_BookingConfirmationTest#verifyOrderIdgeneratedOrNot</h3><table class="result"><tr><th class="invisible"/></tr></table><p class="totop"><a href="#summary">back to summary</a></p>
</body>
</html>
